<?xml version="1.0" encoding="UTF-8"?>
<!-- Generated by org.testng.reporters.JUnitXMLReporter -->
<testsuite hostname="Arvind" ignored="0" name="LoginTest" tests="1" failures="1" timestamp="2020-05-16T16:01:20 IST" time="0.092" errors="0">
  <testcase name="LoginBankApp" time="0.024" classname="testcases.LoginTest">
    <failure type="java.lang.IllegalArgumentException" message="Cannot find elements when the CSS selector is null.">
      <![CDATA[java.lang.IllegalArgumentException: Cannot find elements when the CSS selector is null.
at org.openqa.selenium.By.cssSelector(By.java:145)
at testcases.LoginTest.LoginBankApp(LoginTest.java:12)
at java.util.ArrayList.forEach(Unknown Source)
... Removed 27 stack frames]]>
    </failure>
  </testcase> <!-- LoginBankApp -->
</testsuite> <!-- LoginTest -->
